<?xml version="1.0" ?>
<!DOCTYPE coverage SYSTEM "http://cobertura.sourceforge.net/xml/coverage-04.dtd">
<coverage lines-valid="77" lines-covered="63" line-rate="0.8181" branches-valid="24" branches-covered="17" branch-rate="0.7082999999999999" timestamp="1635581116173" complexity="0" version="0.1">
  <sources>
    <source>C:\table\table</source>
  </sources>
  <packages>
    <package name="main" line-rate="0.8181" branch-rate="0.7082999999999999">
      <classes>
        <class name="index.ts" filename="src\table\index.ts" line-rate="0" branch-rate="0">
          <methods>
          </methods>
          <lines>
          </lines>
        </class>
        <class name="paging.vue" filename="src\table\paging.vue" line-rate="0.5909" branch-rate="0.5">
          <methods>
            <method name="(anonymous_1)" hits="3" signature="()V">
              <lines>
                <line number="36" hits="3"/>
              </lines>
            </method>
            <method name="(anonymous_2)" hits="3" signature="()V">
              <lines>
                <line number="41" hits="3"/>
              </lines>
            </method>
            <method name="(anonymous_3)" hits="3" signature="()V">
              <lines>
                <line number="45" hits="3"/>
              </lines>
            </method>
            <method name="(anonymous_4)" hits="0" signature="()V">
              <lines>
                <line number="49" hits="0"/>
              </lines>
            </method>
            <method name="(anonymous_5)" hits="0" signature="()V">
              <lines>
                <line number="56" hits="0"/>
              </lines>
            </method>
            <method name="(anonymous_6)" hits="0" signature="()V">
              <lines>
                <line number="62" hits="0"/>
              </lines>
            </method>
            <method name="(anonymous_7)" hits="0" signature="()V">
              <lines>
                <line number="66" hits="0"/>
              </lines>
            </method>
          </methods>
          <lines>
            <line number="31" hits="1" branch="false"/>
            <line number="37" hits="3" branch="false"/>
            <line number="38" hits="3" branch="false"/>
            <line number="39" hits="3" branch="false"/>
            <line number="41" hits="3" branch="false"/>
            <line number="42" hits="3" branch="false"/>
            <line number="45" hits="3" branch="false"/>
            <line number="46" hits="3" branch="true" condition-coverage="100% (2/2)"/>
            <line number="49" hits="3" branch="false"/>
            <line number="51" hits="0" branch="true" condition-coverage="0% (0/1)"/>
            <line number="52" hits="0" branch="false"/>
            <line number="53" hits="0" branch="false"/>
            <line number="56" hits="3" branch="false"/>
            <line number="57" hits="0" branch="true" condition-coverage="0% (0/1)"/>
            <line number="58" hits="0" branch="false"/>
            <line number="59" hits="0" branch="false"/>
            <line number="62" hits="3" branch="false"/>
            <line number="63" hits="0" branch="false"/>
            <line number="66" hits="3" branch="false"/>
            <line number="67" hits="0" branch="false"/>
            <line number="68" hits="0" branch="false"/>
            <line number="71" hits="3" branch="false"/>
          </lines>
        </class>
        <class name="tableTest.tsx" filename="src\table\tableTest.tsx" line-rate="0.9" branch-rate="0.75">
          <methods>
            <method name="(anonymous_0)" hits="3" signature="()V">
              <lines>
                <line number="14" hits="3"/>
              </lines>
            </method>
            <method name="(anonymous_1)" hits="3" signature="()V">
              <lines>
                <line number="23" hits="3"/>
              </lines>
            </method>
            <method name="(anonymous_2)" hits="4" signature="()V">
              <lines>
                <line number="25" hits="4"/>
              </lines>
            </method>
            <method name="(anonymous_3)" hits="2" signature="()V">
              <lines>
                <line number="31" hits="2"/>
              </lines>
            </method>
            <method name="(anonymous_4)" hits="3" signature="()V">
              <lines>
                <line number="36" hits="3"/>
              </lines>
            </method>
            <method name="(anonymous_5)" hits="0" signature="()V">
              <lines>
                <line number="48" hits="0"/>
              </lines>
            </method>
            <method name="(anonymous_6)" hits="6" signature="()V">
              <lines>
                <line number="53" hits="6"/>
              </lines>
            </method>
            <method name="(anonymous_7)" hits="92" signature="()V">
              <lines>
                <line number="57" hits="92"/>
              </lines>
            </method>
            <method name="(anonymous_8)" hits="0" signature="()V">
              <lines>
                <line number="68" hits="0"/>
              </lines>
            </method>
            <method name="(anonymous_9)" hits="0" signature="()V">
              <lines>
                <line number="73" hits="0"/>
              </lines>
            </method>
            <method name="(anonymous_10)" hits="0" signature="()V">
              <lines>
                <line number="76" hits="0"/>
              </lines>
            </method>
            <method name="(anonymous_11)" hits="7" signature="()V">
              <lines>
                <line number="81" hits="7"/>
              </lines>
            </method>
            <method name="(anonymous_12)" hits="12" signature="()V">
              <lines>
                <line number="82" hits="12"/>
              </lines>
            </method>
            <method name="(anonymous_13)" hits="40" signature="()V">
              <lines>
                <line number="90" hits="40"/>
              </lines>
            </method>
            <method name="(anonymous_14)" hits="80" signature="()V">
              <lines>
                <line number="91" hits="80"/>
              </lines>
            </method>
          </methods>
          <lines>
            <line number="15" hits="3" branch="false"/>
            <line number="16" hits="3" branch="false"/>
            <line number="17" hits="3" branch="false"/>
            <line number="18" hits="3" branch="false"/>
            <line number="19" hits="3" branch="false"/>
            <line number="20" hits="3" branch="false"/>
            <line number="21" hits="3" branch="false"/>
            <line number="23" hits="3" branch="false"/>
            <line number="24" hits="3" branch="false"/>
            <line number="25" hits="3" branch="false"/>
            <line number="26" hits="4" branch="false"/>
            <line number="28" hits="3" branch="false"/>
            <line number="31" hits="3" branch="false"/>
            <line number="32" hits="2" branch="true" condition-coverage="100% (2/2)"/>
            <line number="36" hits="3" branch="false"/>
            <line number="37" hits="3" branch="true" condition-coverage="100% (4/4)"/>
            <line number="38" hits="1" branch="false"/>
            <line number="39" hits="1" branch="false"/>
            <line number="40" hits="1" branch="false"/>
            <line number="42" hits="2" branch="false"/>
            <line number="43" hits="2" branch="false"/>
            <line number="44" hits="2" branch="false"/>
            <line number="48" hits="3" branch="false"/>
            <line number="49" hits="0" branch="false"/>
            <line number="50" hits="0" branch="false"/>
            <line number="53" hits="3" branch="false"/>
            <line number="54" hits="6" branch="false"/>
            <line number="55" hits="6" branch="false"/>
            <line number="56" hits="6" branch="true" condition-coverage="100% (2/2)"/>
            <line number="57" hits="2" branch="false"/>
            <line number="58" hits="92" branch="false"/>
            <line number="59" hits="92" branch="false"/>
            <line number="60" hits="92" branch="true" condition-coverage="75% (3/4)"/>
            <line number="63" hits="6" branch="false"/>
            <line number="64" hits="6" branch="false"/>
            <line number="68" hits="3" branch="false"/>
            <line number="69" hits="0" branch="true" condition-coverage="0% (0/2)"/>
            <line number="73" hits="3" branch="false"/>
            <line number="76" hits="3" branch="false"/>
            <line number="77" hits="0" branch="false"/>
            <line number="78" hits="0" branch="false"/>
            <line number="81" hits="3" branch="false"/>
            <line number="82" hits="7" branch="false"/>
            <line number="83" hits="12" branch="false"/>
            <line number="90" hits="7" branch="false"/>
            <line number="91" hits="40" branch="false"/>
            <line number="92" hits="80" branch="false"/>
            <line number="96" hits="40" branch="false"/>
            <line number="99" hits="7" branch="false"/>
            <line number="119" hits="7" branch="false"/>
          </lines>
        </class>
        <class name="types.ts" filename="src\table\types.ts" line-rate="1" branch-rate="1">
          <methods>
            <method name="(anonymous_0)" hits="1" signature="()V">
              <lines>
                <line number="93" hits="1"/>
              </lines>
            </method>
            <method name="(anonymous_1)" hits="1" signature="()V">
              <lines>
                <line number="97" hits="1"/>
              </lines>
            </method>
            <method name="(anonymous_2)" hits="3" signature="()V">
              <lines>
                <line number="101" hits="3"/>
              </lines>
            </method>
          </methods>
          <lines>
            <line number="62" hits="1" branch="false"/>
            <line number="93" hits="1" branch="false"/>
            <line number="97" hits="1" branch="false"/>
            <line number="101" hits="3" branch="false"/>
            <line number="107" hits="1" branch="false"/>
          </lines>
        </class>
      </classes>
    </package>
  </packages>
</coverage>
