<?xml version="1.0" ?>
<!DOCTYPE coverage SYSTEM "http://cobertura.sourceforge.net/xml/coverage-04.dtd">
<coverage lines-valid="109" lines-covered="109" line-rate="1" branches-valid="45" branches-covered="36" branch-rate="0.8" timestamp="1636207478426" complexity="0" version="0.1">
  <sources>
    <source>C:\table\table</source>
  </sources>
  <packages>
    <package name="table" line-rate="1" branch-rate="0.8571">
      <classes>
        <class name="Table.tsx" filename="src\table\Table.tsx" line-rate="1" branch-rate="0.8571">
          <methods>
            <method name="(anonymous_0)" hits="10" signature="()V">
              <lines>
                <line number="22" hits="10"/>
              </lines>
            </method>
            <method name="(anonymous_1)" hits="22" signature="()V">
              <lines>
                <line number="31" hits="22"/>
              </lines>
            </method>
            <method name="(anonymous_2)" hits="92" signature="()V">
              <lines>
                <line number="38" hits="92"/>
              </lines>
            </method>
            <method name="(anonymous_3)" hits="10" signature="()V">
              <lines>
                <line number="50" hits="10"/>
              </lines>
            </method>
            <method name="(anonymous_4)" hits="18" signature="()V">
              <lines>
                <line number="52" hits="18"/>
              </lines>
            </method>
            <method name="(anonymous_5)" hits="1" signature="()V">
              <lines>
                <line number="58" hits="1"/>
              </lines>
            </method>
            <method name="(anonymous_6)" hits="0" signature="()V">
              <lines>
                <line number="64" hits="0"/>
              </lines>
            </method>
            <method name="(anonymous_7)" hits="2" signature="()V">
              <lines>
                <line number="67" hits="2"/>
              </lines>
            </method>
            <method name="(anonymous_8)" hits="3" signature="()V">
              <lines>
                <line number="73" hits="3"/>
              </lines>
            </method>
            <method name="(anonymous_9)" hits="3" signature="()V">
              <lines>
                <line number="79" hits="3"/>
              </lines>
            </method>
            <method name="(anonymous_10)" hits="22" signature="()V">
              <lines>
                <line number="102" hits="22"/>
              </lines>
            </method>
          </methods>
          <lines>
            <line number="16" hits="1" branch="false"/>
            <line number="17" hits="1" branch="false"/>
            <line number="23" hits="10" branch="false"/>
            <line number="24" hits="10" branch="false"/>
            <line number="25" hits="10" branch="false"/>
            <line number="26" hits="10" branch="false"/>
            <line number="31" hits="10" branch="false"/>
            <line number="33" hits="22" branch="false"/>
            <line number="34" hits="22" branch="false"/>
            <line number="35" hits="22" branch="true" condition-coverage="100% (2/2)"/>
            <line number="38" hits="2" branch="false"/>
            <line number="39" hits="92" branch="false"/>
            <line number="40" hits="92" branch="false"/>
            <line number="41" hits="92" branch="true" condition-coverage="75% (3/4)"/>
            <line number="44" hits="22" branch="false"/>
            <line number="45" hits="22" branch="false"/>
            <line number="48" hits="10" branch="false"/>
            <line number="50" hits="10" branch="false"/>
            <line number="51" hits="10" branch="false"/>
            <line number="52" hits="10" branch="false"/>
            <line number="53" hits="18" branch="false"/>
            <line number="58" hits="10" branch="false"/>
            <line number="59" hits="1" branch="false"/>
            <line number="60" hits="1" branch="true" condition-coverage="50% (1/2)"/>
            <line number="64" hits="10" branch="false"/>
            <line number="67" hits="10" branch="false"/>
            <line number="68" hits="2" branch="false"/>
            <line number="69" hits="2" branch="false"/>
            <line number="73" hits="10" branch="false"/>
            <line number="74" hits="3" branch="false"/>
            <line number="75" hits="3" branch="false"/>
            <line number="79" hits="10" branch="false"/>
            <line number="80" hits="3" branch="false"/>
            <line number="81" hits="3" branch="true" condition-coverage="100% (2/2)"/>
            <line number="82" hits="1" branch="false"/>
            <line number="84" hits="2" branch="false"/>
            <line number="85" hits="2" branch="false"/>
            <line number="89" hits="10" branch="false"/>
            <line number="104" hits="22" branch="false"/>
            <line number="124" hits="22" branch="false"/>
          </lines>
        </class>
        <class name="index.ts" filename="src\table\index.ts" line-rate="0" branch-rate="0">
          <methods>
          </methods>
          <lines>
          </lines>
        </class>
      </classes>
    </package>
    <package name="table.hook" line-rate="1" branch-rate="1">
      <classes>
        <class name="sort_hook.tsx" filename="src\table\hook\sort_hook.tsx" line-rate="1" branch-rate="1">
          <methods>
            <method name="(anonymous_0)" hits="10" signature="()V">
              <lines>
                <line number="7" hits="10"/>
              </lines>
            </method>
            <method name="(anonymous_1)" hits="2" signature="()V">
              <lines>
                <line number="12" hits="2"/>
              </lines>
            </method>
            <method name="(anonymous_2)" hits="3" signature="()V">
              <lines>
                <line number="17" hits="3"/>
              </lines>
            </method>
          </methods>
          <lines>
            <line number="6" hits="1" branch="false"/>
            <line number="7" hits="1" branch="false"/>
            <line number="8" hits="10" branch="false"/>
            <line number="9" hits="10" branch="false"/>
            <line number="10" hits="10" branch="false"/>
            <line number="12" hits="10" branch="false"/>
            <line number="13" hits="2" branch="true" condition-coverage="100% (2/2)"/>
            <line number="17" hits="10" branch="false"/>
            <line number="18" hits="3" branch="false"/>
            <line number="19" hits="3" branch="true" condition-coverage="100% (4/4)"/>
            <line number="20" hits="1" branch="false"/>
            <line number="21" hits="1" branch="false"/>
            <line number="23" hits="2" branch="false"/>
            <line number="25" hits="10" branch="false"/>
          </lines>
        </class>
      </classes>
    </package>
    <package name="table.lib" line-rate="1" branch-rate="0.8181">
      <classes>
        <class name="symbol.ts" filename="src\table\lib\symbol.ts" line-rate="1" branch-rate="1">
          <methods>
          </methods>
          <lines>
            <line number="1" hits="1" branch="false"/>
          </lines>
        </class>
        <class name="types.ts" filename="src\table\lib\types.ts" line-rate="1" branch-rate="0.5">
          <methods>
            <method name="(anonymous_0)" hits="1" signature="()V">
              <lines>
                <line number="97" hits="1"/>
              </lines>
            </method>
            <method name="(anonymous_1)" hits="1" signature="()V">
              <lines>
                <line number="101" hits="1"/>
              </lines>
            </method>
            <method name="(anonymous_2)" hits="10" signature="()V">
              <lines>
                <line number="105" hits="10"/>
              </lines>
            </method>
          </methods>
          <lines>
            <line number="66" hits="1" branch="false"/>
            <line number="97" hits="1" branch="false"/>
            <line number="101" hits="1" branch="false"/>
            <line number="105" hits="10" branch="false"/>
            <line number="111" hits="1" branch="false"/>
          </lines>
        </class>
        <class name="utils.ts" filename="src\table\lib\utils.ts" line-rate="1" branch-rate="0.8887999999999999">
          <methods>
            <method name="logFn" hits="26" signature="()V">
              <lines>
                <line number="9" hits="26"/>
              </lines>
            </method>
          </methods>
          <lines>
            <line number="10" hits="26" branch="false"/>
            <line number="12" hits="26" branch="false"/>
            <line number="13" hits="26" branch="true" condition-coverage="100% (2/2)"/>
            <line number="14" hits="26" branch="true" condition-coverage="100% (2/2)"/>
            <line number="15" hits="26" branch="true" condition-coverage="50% (1/2)"/>
            <line number="16" hits="26" branch="true" condition-coverage="100% (2/2)"/>
            <line number="18" hits="26" branch="false"/>
          </lines>
        </class>
      </classes>
    </package>
    <package name="table.table_container" line-rate="1" branch-rate="0.6428">
      <classes>
        <class name="body.tsx" filename="src\table\table_container\body.tsx" line-rate="1" branch-rate="0.5">
          <methods>
            <method name="(anonymous_0)" hits="10" signature="()V">
              <lines>
                <line number="8" hits="10"/>
              </lines>
            </method>
            <method name="(anonymous_1)" hits="22" signature="()V">
              <lines>
                <line number="9" hits="22"/>
              </lines>
            </method>
            <method name="(anonymous_2)" hits="197" signature="()V">
              <lines>
                <line number="10" hits="197"/>
              </lines>
            </method>
            <method name="(anonymous_3)" hits="394" signature="()V">
              <lines>
                <line number="11" hits="394"/>
              </lines>
            </method>
          </methods>
          <lines>
            <line number="9" hits="10" branch="false"/>
            <line number="10" hits="22" branch="false"/>
            <line number="11" hits="197" branch="false"/>
            <line number="12" hits="394" branch="false"/>
            <line number="18" hits="197" branch="false"/>
            <line number="20" hits="22" branch="false"/>
          </lines>
        </class>
        <class name="head.tsx" filename="src\table\table_container\head.tsx" line-rate="1" branch-rate="0.75">
          <methods>
            <method name="(anonymous_0)" hits="9" signature="()V">
              <lines>
                <line number="10" hits="9"/>
              </lines>
            </method>
            <method name="(anonymous_1)" hits="3" signature="()V">
              <lines>
                <line number="11" hits="3"/>
              </lines>
            </method>
            <method name="(anonymous_2)" hits="12" signature="()V">
              <lines>
                <line number="20" hits="12"/>
              </lines>
            </method>
            <method name="(anonymous_3)" hits="22" signature="()V">
              <lines>
                <line number="21" hits="22"/>
              </lines>
            </method>
          </methods>
          <lines>
            <line number="11" hits="9" branch="false"/>
            <line number="12" hits="3" branch="false"/>
            <line number="16" hits="9" branch="false"/>
            <line number="17" hits="9" branch="false"/>
            <line number="18" hits="9" branch="false"/>
            <line number="20" hits="9" branch="false"/>
            <line number="21" hits="12" branch="false"/>
            <line number="22" hits="22" branch="false"/>
            <line number="30" hits="12" branch="false"/>
          </lines>
        </class>
        <class name="paging.tsx" filename="src\table\table_container\paging.tsx" line-rate="1" branch-rate="0.6666">
          <methods>
            <method name="(anonymous_0)" hits="9" signature="()V">
              <lines>
                <line number="9" hits="9"/>
              </lines>
            </method>
            <method name="(anonymous_1)" hits="12" signature="()V">
              <lines>
                <line number="14" hits="12"/>
              </lines>
            </method>
            <method name="(anonymous_2)" hits="12" signature="()V">
              <lines>
                <line number="18" hits="12"/>
              </lines>
            </method>
            <method name="(anonymous_3)" hits="1" signature="()V">
              <lines>
                <line number="22" hits="1"/>
              </lines>
            </method>
            <method name="(anonymous_4)" hits="1" signature="()V">
              <lines>
                <line number="29" hits="1"/>
              </lines>
            </method>
            <method name="(anonymous_5)" hits="1" signature="()V">
              <lines>
                <line number="36" hits="1"/>
              </lines>
            </method>
            <method name="(anonymous_6)" hits="1" signature="()V">
              <lines>
                <line number="41" hits="1"/>
              </lines>
            </method>
            <method name="(anonymous_7)" hits="13" signature="()V">
              <lines>
                <line number="58" hits="13"/>
              </lines>
            </method>
          </methods>
          <lines>
            <line number="10" hits="9" branch="false"/>
            <line number="11" hits="9" branch="false"/>
            <line number="12" hits="9" branch="false"/>
            <line number="14" hits="9" branch="false"/>
            <line number="15" hits="12" branch="false"/>
            <line number="18" hits="9" branch="false"/>
            <line number="19" hits="12" branch="true" condition-coverage="100% (2/2)"/>
            <line number="22" hits="9" branch="false"/>
            <line number="23" hits="1" branch="false"/>
            <line number="24" hits="1" branch="true" condition-coverage="50% (1/2)"/>
            <line number="25" hits="1" branch="false"/>
            <line number="26" hits="1" branch="false"/>
            <line number="29" hits="9" branch="false"/>
            <line number="30" hits="1" branch="false"/>
            <line number="31" hits="1" branch="true" condition-coverage="50% (1/2)"/>
            <line number="32" hits="1" branch="false"/>
            <line number="33" hits="1" branch="false"/>
            <line number="36" hits="9" branch="false"/>
            <line number="37" hits="1" branch="false"/>
            <line number="38" hits="1" branch="false"/>
            <line number="41" hits="9" branch="false"/>
            <line number="42" hits="1" branch="false"/>
            <line number="43" hits="1" branch="false"/>
            <line number="44" hits="1" branch="false"/>
            <line number="47" hits="9" branch="false"/>
            <line number="60" hits="13" branch="false"/>
            <line number="82" hits="13" branch="false"/>
          </lines>
        </class>
      </classes>
    </package>
  </packages>
</coverage>
