{"C:\\table\\table\\src\\table\\index.ts": {"path":"C:\\table\\table\\src\\table\\index.ts","statementMap":{},"fnMap":{},"branchMap":{},"s":{},"f":{},"b":{},"_coverageSchema":"1a1c01bbd47fc00a2c39e90264f33305004495a9","hash":"ab234d078314aa077b2276f8e054fdf056489186"}
,"C:\\table\\table\\src\\table\\paging.vue": {"path":"C:\\table\\table\\src\\table\\paging.vue","statementMap":{"0":{"start":{"line":31,"column":0},"end":{"line":31,"column":null}},"1":{"start":{"line":37,"column":0},"end":{"line":37,"column":null}},"2":{"start":{"line":38,"column":0},"end":{"line":38,"column":null}},"3":{"start":{"line":39,"column":0},"end":{"line":39,"column":null}},"4":{"start":{"line":41,"column":0},"end":{"line":43,"column":null}},"5":{"start":{"line":42,"column":0},"end":{"line":42,"column":null}},"6":{"start":{"line":45,"column":0},"end":{"line":47,"column":null}},"7":{"start":{"line":46,"column":0},"end":{"line":46,"column":null}},"8":{"start":{"line":49,"column":0},"end":{"line":54,"column":null}},"9":{"start":{"line":51,"column":0},"end":{"line":51,"column":null}},"10":{"start":{"line":52,"column":0},"end":{"line":52,"column":null}},"11":{"start":{"line":53,"column":0},"end":{"line":53,"column":null}},"12":{"start":{"line":56,"column":0},"end":{"line":60,"column":null}},"13":{"start":{"line":57,"column":0},"end":{"line":57,"column":null}},"14":{"start":{"line":58,"column":0},"end":{"line":58,"column":null}},"15":{"start":{"line":59,"column":0},"end":{"line":59,"column":null}},"16":{"start":{"line":62,"column":0},"end":{"line":64,"column":null}},"17":{"start":{"line":63,"column":0},"end":{"line":63,"column":null}},"18":{"start":{"line":66,"column":0},"end":{"line":69,"column":null}},"19":{"start":{"line":67,"column":0},"end":{"line":67,"column":null}},"20":{"start":{"line":68,"column":0},"end":{"line":68,"column":null}},"21":{"start":{"line":71,"column":0},"end":{"line":71,"column":null}}},"fnMap":{"0":{"name":"(anonymous_1)","decl":{"start":{"line":36,"column":0},"end":{"line":36,"column":null}},"loc":{"start":{"line":36,"column":0},"end":{"line":81,"column":null}}},"1":{"name":"(anonymous_2)","decl":{"start":{"line":41,"column":0},"end":{"line":41,"column":null}},"loc":{"start":{"line":41,"column":0},"end":{"line":43,"column":null}}},"2":{"name":"(anonymous_3)","decl":{"start":{"line":45,"column":0},"end":{"line":45,"column":null}},"loc":{"start":{"line":45,"column":0},"end":{"line":47,"column":null}}},"3":{"name":"(anonymous_4)","decl":{"start":{"line":49,"column":0},"end":{"line":49,"column":null}},"loc":{"start":{"line":49,"column":0},"end":{"line":54,"column":null}}},"4":{"name":"(anonymous_5)","decl":{"start":{"line":56,"column":0},"end":{"line":56,"column":null}},"loc":{"start":{"line":56,"column":0},"end":{"line":60,"column":null}}},"5":{"name":"(anonymous_6)","decl":{"start":{"line":62,"column":0},"end":{"line":62,"column":null}},"loc":{"start":{"line":62,"column":0},"end":{"line":64,"column":null}}},"6":{"name":"(anonymous_7)","decl":{"start":{"line":66,"column":0},"end":{"line":66,"column":null}},"loc":{"start":{"line":66,"column":0},"end":{"line":69,"column":null}}}},"branchMap":{"0":{"loc":{"start":{"line":46,"column":0},"end":{"line":46,"column":null}},"type":"binary-expr","locations":[{"start":{"line":46,"column":0},"end":{"line":46,"column":null}},{"start":{"line":46,"column":0},"end":{"line":46,"column":null}}]},"1":{"loc":{"start":{"line":51,"column":0},"end":{"line":51,"column":null}},"type":"if","locations":[{"start":{"line":51,"column":0},"end":{"line":51,"column":null}}]},"2":{"loc":{"start":{"line":57,"column":0},"end":{"line":57,"column":null}},"type":"if","locations":[{"start":{"line":57,"column":0},"end":{"line":57,"column":null}}]}},"s":{"0":1,"1":3,"2":3,"3":3,"4":3,"5":3,"6":3,"7":3,"8":3,"9":0,"10":0,"11":0,"12":3,"13":0,"14":0,"15":0,"16":3,"17":0,"18":3,"19":0,"20":0,"21":3},"f":{"0":3,"1":3,"2":3,"3":0,"4":0,"5":0,"6":0},"b":{"0":[3,2],"1":[0],"2":[0]}}
,"C:\\table\\table\\src\\table\\tableTest.tsx": {"path":"C:\\table\\table\\src\\table\\tableTest.tsx","statementMap":{"0":{"start":{"line":15,"column":65},"end":{"line":15,"column":70}},"1":{"start":{"line":16,"column":20},"end":{"line":16,"column":35}},"2":{"start":{"line":17,"column":21},"end":{"line":17,"column":27}},"3":{"start":{"line":18,"column":18},"end":{"line":18,"column":25}},"4":{"start":{"line":19,"column":29},"end":{"line":19,"column":36}},"5":{"start":{"line":20,"column":31},"end":{"line":20,"column":38}},"6":{"start":{"line":21,"column":32},"end":{"line":21,"column":44}},"7":{"start":{"line":23,"column":4},"end":{"line":29,"column":7}},"8":{"start":{"line":24,"column":6},"end":{"line":24,"column":29}},"9":{"start":{"line":25,"column":6},"end":{"line":27,"column":9}},"10":{"start":{"line":26,"column":8},"end":{"line":26,"column":35}},"11":{"start":{"line":28,"column":6},"end":{"line":28,"column":25}},"12":{"start":{"line":31,"column":26},"end":{"line":33,"column":5}},"13":{"start":{"line":32,"column":6},"end":{"line":32,"column":52}},"14":{"start":{"line":36,"column":19},"end":{"line":45,"column":5}},"15":{"start":{"line":37,"column":6},"end":{"line":41,"column":7}},"16":{"start":{"line":38,"column":8},"end":{"line":38,"column":27}},"17":{"start":{"line":39,"column":8},"end":{"line":39,"column":30}},"18":{"start":{"line":40,"column":8},"end":{"line":40,"column":15}},"19":{"start":{"line":42,"column":6},"end":{"line":42,"column":27}},"20":{"start":{"line":43,"column":6},"end":{"line":43,"column":43}},"21":{"start":{"line":44,"column":6},"end":{"line":44,"column":25}},"22":{"start":{"line":48,"column":23},"end":{"line":51,"column":5}},"23":{"start":{"line":49,"column":6},"end":{"line":49,"column":27}},"24":{"start":{"line":50,"column":6},"end":{"line":50,"column":25}},"25":{"start":{"line":53,"column":21},"end":{"line":65,"column":5}},"26":{"start":{"line":54,"column":17},"end":{"line":54,"column":21}},"27":{"start":{"line":55,"column":18},"end":{"line":55,"column":43}},"28":{"start":{"line":56,"column":6},"end":{"line":62,"column":7}},"29":{"start":{"line":57,"column":8},"end":{"line":61,"column":11}},"30":{"start":{"line":58,"column":10},"end":{"line":58,"column":35}},"31":{"start":{"line":59,"column":10},"end":{"line":59,"column":35}},"32":{"start":{"line":60,"column":10},"end":{"line":60,"column":64}},"33":{"start":{"line":63,"column":22},"end":{"line":63,"column":60}},"34":{"start":{"line":64,"column":6},"end":{"line":64,"column":76}},"35":{"start":{"line":68,"column":20},"end":{"line":70,"column":5}},"36":{"start":{"line":69,"column":6},"end":{"line":69,"column":34}},"37":{"start":{"line":73,"column":25},"end":{"line":73,"column":33}},"38":{"start":{"line":76,"column":27},"end":{"line":79,"column":5}},"39":{"start":{"line":77,"column":6},"end":{"line":77,"column":20}},"40":{"start":{"line":78,"column":6},"end":{"line":78,"column":25}},"41":{"start":{"line":81,"column":4},"end":{"line":120,"column":5}},"42":{"start":{"line":82,"column":23},"end":{"line":89,"column":8}},"43":{"start":{"line":83,"column":8},"end":{"line":88,"column":16}},"44":{"start":{"line":90,"column":25},"end":{"line":97,"column":8}},"45":{"start":{"line":91,"column":23},"end":{"line":95,"column":10}},"46":{"start":{"line":92,"column":10},"end":{"line":94,"column":16}},"47":{"start":{"line":96,"column":8},"end":{"line":96,"column":36}},"48":{"start":{"line":99,"column":10},"end":{"line":117,"column":14}},"49":{"start":{"line":119,"column":6},"end":{"line":119,"column":25}}},"fnMap":{"0":{"name":"(anonymous_0)","decl":{"start":{"line":14,"column":2},"end":{"line":14,"column":3}},"loc":{"start":{"line":14,"column":15},"end":{"line":121,"column":3}},"line":14},"1":{"name":"(anonymous_1)","decl":{"start":{"line":23,"column":14},"end":{"line":23,"column":15}},"loc":{"start":{"line":23,"column":20},"end":{"line":29,"column":5}},"line":23},"2":{"name":"(anonymous_2)","decl":{"start":{"line":25,"column":21},"end":{"line":25,"column":22}},"loc":{"start":{"line":25,"column":31},"end":{"line":27,"column":7}},"line":25},"3":{"name":"(anonymous_3)","decl":{"start":{"line":31,"column":26},"end":{"line":31,"column":27}},"loc":{"start":{"line":31,"column":44},"end":{"line":33,"column":5}},"line":31},"4":{"name":"(anonymous_4)","decl":{"start":{"line":36,"column":19},"end":{"line":36,"column":20}},"loc":{"start":{"line":36,"column":37},"end":{"line":45,"column":5}},"line":36},"5":{"name":"(anonymous_5)","decl":{"start":{"line":48,"column":23},"end":{"line":48,"column":24}},"loc":{"start":{"line":48,"column":38},"end":{"line":51,"column":5}},"line":48},"6":{"name":"(anonymous_6)","decl":{"start":{"line":53,"column":21},"end":{"line":53,"column":22}},"loc":{"start":{"line":53,"column":41},"end":{"line":65,"column":5}},"line":53},"7":{"name":"(anonymous_7)","decl":{"start":{"line":57,"column":38},"end":{"line":57,"column":39}},"loc":{"start":{"line":57,"column":52},"end":{"line":61,"column":9}},"line":57},"8":{"name":"(anonymous_8)","decl":{"start":{"line":68,"column":20},"end":{"line":68,"column":21}},"loc":{"start":{"line":68,"column":26},"end":{"line":70,"column":5}},"line":68},"9":{"name":"(anonymous_9)","decl":{"start":{"line":73,"column":25},"end":{"line":73,"column":26}},"loc":{"start":{"line":73,"column":31},"end":{"line":73,"column":33}},"line":73},"10":{"name":"(anonymous_10)","decl":{"start":{"line":76,"column":27},"end":{"line":76,"column":28}},"loc":{"start":{"line":76,"column":34},"end":{"line":79,"column":5}},"line":76},"11":{"name":"(anonymous_11)","decl":{"start":{"line":81,"column":11},"end":{"line":81,"column":12}},"loc":{"start":{"line":81,"column":17},"end":{"line":120,"column":5}},"line":81},"12":{"name":"(anonymous_12)","decl":{"start":{"line":82,"column":36},"end":{"line":82,"column":37}},"loc":{"start":{"line":82,"column":46},"end":{"line":89,"column":7}},"line":82},"13":{"name":"(anonymous_13)","decl":{"start":{"line":90,"column":46},"end":{"line":90,"column":47}},"loc":{"start":{"line":90,"column":54},"end":{"line":97,"column":7}},"line":90},"14":{"name":"(anonymous_14)","decl":{"start":{"line":91,"column":36},"end":{"line":91,"column":37}},"loc":{"start":{"line":91,"column":43},"end":{"line":95,"column":9}},"line":91}},"branchMap":{"0":{"loc":{"start":{"line":32,"column":13},"end":{"line":32,"column":51}},"type":"cond-expr","locations":[{"start":{"line":32,"column":38},"end":{"line":32,"column":43}},{"start":{"line":32,"column":46},"end":{"line":32,"column":51}}],"line":32},"1":{"loc":{"start":{"line":37,"column":6},"end":{"line":41,"column":7}},"type":"if","locations":[{"start":{"line":37,"column":6},"end":{"line":41,"column":7}},{"start":{},"end":{}}],"line":37},"2":{"loc":{"start":{"line":37,"column":9},"end":{"line":37,"column":57}},"type":"binary-expr","locations":[{"start":{"line":37,"column":9},"end":{"line":37,"column":31}},{"start":{"line":37,"column":35},"end":{"line":37,"column":57}}],"line":37},"3":{"loc":{"start":{"line":56,"column":6},"end":{"line":62,"column":7}},"type":"if","locations":[{"start":{"line":56,"column":6},"end":{"line":62,"column":7}},{"start":{},"end":{}}],"line":56},"4":{"loc":{"start":{"line":60,"column":18},"end":{"line":60,"column":54}},"type":"cond-expr","locations":[{"start":{"line":60,"column":32},"end":{"line":60,"column":33}},{"start":{"line":60,"column":36},"end":{"line":60,"column":54}}],"line":60},"5":{"loc":{"start":{"line":60,"column":36},"end":{"line":60,"column":54}},"type":"cond-expr","locations":[{"start":{"line":60,"column":48},"end":{"line":60,"column":49}},{"start":{"line":60,"column":52},"end":{"line":60,"column":54}}],"line":60},"6":{"loc":{"start":{"line":69,"column":13},"end":{"line":69,"column":33}},"type":"binary-expr","locations":[{"start":{"line":69,"column":13},"end":{"line":69,"column":27}},{"start":{"line":69,"column":31},"end":{"line":69,"column":33}}],"line":69},"7":{"loc":{"start":{"line":87,"column":14},"end":{"line":87,"column":108}},"type":"cond-expr","locations":[{"start":{"line":87,"column":45},"end":{"line":87,"column":103}},{"start":{"line":87,"column":106},"end":{"line":87,"column":108}}],"line":87},"8":{"loc":{"start":{"line":101,"column":14},"end":{"line":105,"column":27}},"type":"cond-expr","locations":[{"start":{"line":101,"column":39},"end":{"line":105,"column":22}},{"start":{"line":105,"column":25},"end":{"line":105,"column":27}}],"line":101},"9":{"loc":{"start":{"line":111,"column":14},"end":{"line":116,"column":25}},"type":"cond-expr","locations":[{"start":{"line":111,"column":29},"end":{"line":116,"column":20}},{"start":{"line":116,"column":23},"end":{"line":116,"column":25}}],"line":111}},"s":{"0":3,"1":3,"2":3,"3":3,"4":3,"5":3,"6":3,"7":3,"8":3,"9":3,"10":4,"11":3,"12":3,"13":2,"14":3,"15":3,"16":1,"17":1,"18":1,"19":2,"20":2,"21":2,"22":3,"23":0,"24":0,"25":3,"26":6,"27":6,"28":6,"29":2,"30":92,"31":92,"32":92,"33":6,"34":6,"35":3,"36":0,"37":3,"38":3,"39":0,"40":0,"41":3,"42":7,"43":12,"44":7,"45":40,"46":80,"47":40,"48":7,"49":7},"f":{"0":3,"1":3,"2":4,"3":2,"4":3,"5":0,"6":6,"7":92,"8":0,"9":0,"10":0,"11":7,"12":12,"13":40,"14":80},"b":{"0":[1,1],"1":[1,2],"2":[3,2],"3":[2,4],"4":[0,92],"5":[43,49],"6":[0,0],"7":[2,10],"8":[7,0],"9":[7,0]},"_coverageSchema":"1a1c01bbd47fc00a2c39e90264f33305004495a9","hash":"bf4b3c271e8d5abe33060c18d6e765fcae82d400"}
,"C:\\table\\table\\src\\table\\types.ts": {"path":"C:\\table\\table\\src\\table\\types.ts","statementMap":{"0":{"start":{"line":62,"column":26},"end":{"line":105,"column":1}},"1":{"start":{"line":93,"column":18},"end":{"line":93,"column":20}},"2":{"start":{"line":97,"column":18},"end":{"line":97,"column":20}},"3":{"start":{"line":101,"column":18},"end":{"line":103,"column":5}},"4":{"start":{"line":107,"column":27},"end":{"line":116,"column":1}}},"fnMap":{"0":{"name":"(anonymous_0)","decl":{"start":{"line":93,"column":13},"end":{"line":93,"column":14}},"loc":{"start":{"line":93,"column":18},"end":{"line":93,"column":20}},"line":93},"1":{"name":"(anonymous_1)","decl":{"start":{"line":97,"column":13},"end":{"line":97,"column":14}},"loc":{"start":{"line":97,"column":18},"end":{"line":97,"column":20}},"line":97},"2":{"name":"(anonymous_2)","decl":{"start":{"line":101,"column":13},"end":{"line":101,"column":14}},"loc":{"start":{"line":101,"column":18},"end":{"line":103,"column":5}},"line":101}},"branchMap":{},"s":{"0":1,"1":1,"2":1,"3":3,"4":1},"f":{"0":1,"1":1,"2":3},"b":{},"_coverageSchema":"1a1c01bbd47fc00a2c39e90264f33305004495a9","hash":"62704ef68a303cf285e0523b61e639713daa8896"}
}
