{"C:\\table\\table\\src\\table\\body.tsx": {"path":"C:\\table\\table\\src\\table\\body.tsx","statementMap":{"0":{"start":{"line":8,"column":31},"end":{"line":8,"column":36}},"1":{"start":{"line":9,"column":4},"end":{"line":19,"column":5}},"2":{"start":{"line":10,"column":25},"end":{"line":17,"column":8}},"3":{"start":{"line":11,"column":23},"end":{"line":15,"column":10}},"4":{"start":{"line":12,"column":10},"end":{"line":14,"column":16}},"5":{"start":{"line":16,"column":8},"end":{"line":16,"column":36}},"6":{"start":{"line":18,"column":6},"end":{"line":18,"column":68}}},"fnMap":{"0":{"name":"(anonymous_0)","decl":{"start":{"line":7,"column":2},"end":{"line":7,"column":3}},"loc":{"start":{"line":7,"column":15},"end":{"line":20,"column":3}},"line":7},"1":{"name":"(anonymous_1)","decl":{"start":{"line":9,"column":11},"end":{"line":9,"column":12}},"loc":{"start":{"line":9,"column":17},"end":{"line":19,"column":5}},"line":9},"2":{"name":"(anonymous_2)","decl":{"start":{"line":10,"column":46},"end":{"line":10,"column":47}},"loc":{"start":{"line":10,"column":54},"end":{"line":17,"column":7}},"line":10},"3":{"name":"(anonymous_3)","decl":{"start":{"line":11,"column":33},"end":{"line":11,"column":34}},"loc":{"start":{"line":11,"column":40},"end":{"line":15,"column":9}},"line":11}},"branchMap":{},"s":{"0":3,"1":3,"2":7,"3":40,"4":80,"5":40,"6":7},"f":{"0":3,"1":7,"2":40,"3":80},"b":{},"_coverageSchema":"1a1c01bbd47fc00a2c39e90264f33305004495a9","hash":"b78f58b6caf69392edac4e490506ce5fd13f1771"}
,"C:\\table\\table\\src\\table\\head.tsx": {"path":"C:\\table\\table\\src\\table\\head.tsx","statementMap":{"0":{"start":{"line":10,"column":42},"end":{"line":10,"column":47}},"1":{"start":{"line":12,"column":26},"end":{"line":14,"column":5}},"2":{"start":{"line":13,"column":6},"end":{"line":13,"column":58}},"3":{"start":{"line":16,"column":19},"end":{"line":23,"column":5}},"4":{"start":{"line":17,"column":6},"end":{"line":17,"column":84}},"5":{"start":{"line":18,"column":6},"end":{"line":21,"column":7}},"6":{"start":{"line":19,"column":8},"end":{"line":19,"column":28}},"7":{"start":{"line":20,"column":8},"end":{"line":20,"column":15}},"8":{"start":{"line":22,"column":6},"end":{"line":22,"column":32}},"9":{"start":{"line":24,"column":4},"end":{"line":34,"column":5}},"10":{"start":{"line":25,"column":23},"end":{"line":32,"column":8}},"11":{"start":{"line":26,"column":8},"end":{"line":31,"column":16}},"12":{"start":{"line":33,"column":6},"end":{"line":33,"column":34}}},"fnMap":{"0":{"name":"(anonymous_0)","decl":{"start":{"line":9,"column":2},"end":{"line":9,"column":3}},"loc":{"start":{"line":9,"column":23},"end":{"line":35,"column":3}},"line":9},"1":{"name":"(anonymous_1)","decl":{"start":{"line":12,"column":26},"end":{"line":12,"column":27}},"loc":{"start":{"line":12,"column":44},"end":{"line":14,"column":5}},"line":12},"2":{"name":"(anonymous_2)","decl":{"start":{"line":16,"column":19},"end":{"line":16,"column":20}},"loc":{"start":{"line":16,"column":37},"end":{"line":23,"column":5}},"line":16},"3":{"name":"(anonymous_3)","decl":{"start":{"line":24,"column":11},"end":{"line":24,"column":12}},"loc":{"start":{"line":24,"column":17},"end":{"line":34,"column":5}},"line":24},"4":{"name":"(anonymous_4)","decl":{"start":{"line":25,"column":33},"end":{"line":25,"column":34}},"loc":{"start":{"line":25,"column":43},"end":{"line":32,"column":7}},"line":25}},"branchMap":{"0":{"loc":{"start":{"line":13,"column":13},"end":{"line":13,"column":57}},"type":"cond-expr","locations":[{"start":{"line":13,"column":44},"end":{"line":13,"column":49}},{"start":{"line":13,"column":52},"end":{"line":13,"column":57}}],"line":13},"1":{"loc":{"start":{"line":18,"column":6},"end":{"line":21,"column":7}},"type":"if","locations":[{"start":{"line":18,"column":6},"end":{"line":21,"column":7}},{"start":{},"end":{}}],"line":18},"2":{"loc":{"start":{"line":18,"column":9},"end":{"line":18,"column":63}},"type":"binary-expr","locations":[{"start":{"line":18,"column":9},"end":{"line":18,"column":31}},{"start":{"line":18,"column":35},"end":{"line":18,"column":63}}],"line":18},"3":{"loc":{"start":{"line":30,"column":14},"end":{"line":30,"column":108}},"type":"cond-expr","locations":[{"start":{"line":30,"column":45},"end":{"line":30,"column":103}},{"start":{"line":30,"column":106},"end":{"line":30,"column":108}}],"line":30}},"s":{"0":3,"1":3,"2":2,"3":3,"4":3,"5":3,"6":1,"7":1,"8":2,"9":3,"10":6,"11":10,"12":6},"f":{"0":3,"1":2,"2":3,"3":6,"4":10},"b":{"0":[1,1],"1":[1,2],"2":[3,2],"3":[2,8]},"_coverageSchema":"1a1c01bbd47fc00a2c39e90264f33305004495a9","hash":"e257afbe872615e2d5969bb6f48cee39411088ef"}
,"C:\\table\\table\\src\\table\\index.ts": {"path":"C:\\table\\table\\src\\table\\index.ts","statementMap":{},"fnMap":{},"branchMap":{},"s":{},"f":{},"b":{},"_coverageSchema":"1a1c01bbd47fc00a2c39e90264f33305004495a9","hash":"ab234d078314aa077b2276f8e054fdf056489186"}
,"C:\\table\\table\\src\\table\\paging.vue": {"path":"C:\\table\\table\\src\\table\\paging.vue","statementMap":{"0":{"start":{"line":31,"column":0},"end":{"line":31,"column":null}},"1":{"start":{"line":32,"column":0},"end":{"line":32,"column":null}},"2":{"start":{"line":38,"column":0},"end":{"line":38,"column":null}},"3":{"start":{"line":39,"column":0},"end":{"line":39,"column":null}},"4":{"start":{"line":40,"column":0},"end":{"line":40,"column":null}},"5":{"start":{"line":42,"column":0},"end":{"line":44,"column":null}},"6":{"start":{"line":43,"column":0},"end":{"line":43,"column":null}},"7":{"start":{"line":46,"column":0},"end":{"line":48,"column":null}},"8":{"start":{"line":47,"column":0},"end":{"line":47,"column":null}},"9":{"start":{"line":50,"column":0},"end":{"line":55,"column":null}},"10":{"start":{"line":51,"column":0},"end":{"line":51,"column":null}},"11":{"start":{"line":52,"column":0},"end":{"line":52,"column":null}},"12":{"start":{"line":53,"column":0},"end":{"line":53,"column":null}},"13":{"start":{"line":54,"column":0},"end":{"line":54,"column":null}},"14":{"start":{"line":57,"column":0},"end":{"line":62,"column":null}},"15":{"start":{"line":58,"column":0},"end":{"line":58,"column":null}},"16":{"start":{"line":59,"column":0},"end":{"line":59,"column":null}},"17":{"start":{"line":60,"column":0},"end":{"line":60,"column":null}},"18":{"start":{"line":61,"column":0},"end":{"line":61,"column":null}},"19":{"start":{"line":64,"column":0},"end":{"line":67,"column":null}},"20":{"start":{"line":65,"column":0},"end":{"line":65,"column":null}},"21":{"start":{"line":66,"column":0},"end":{"line":66,"column":null}},"22":{"start":{"line":69,"column":0},"end":{"line":73,"column":null}},"23":{"start":{"line":70,"column":0},"end":{"line":70,"column":null}},"24":{"start":{"line":71,"column":0},"end":{"line":71,"column":null}},"25":{"start":{"line":72,"column":0},"end":{"line":72,"column":null}},"26":{"start":{"line":75,"column":0},"end":{"line":75,"column":null}}},"fnMap":{"0":{"name":"(anonymous_1)","decl":{"start":{"line":37,"column":0},"end":{"line":37,"column":null}},"loc":{"start":{"line":37,"column":0},"end":{"line":85,"column":null}}},"1":{"name":"(anonymous_2)","decl":{"start":{"line":42,"column":0},"end":{"line":42,"column":null}},"loc":{"start":{"line":42,"column":0},"end":{"line":44,"column":null}}},"2":{"name":"(anonymous_3)","decl":{"start":{"line":46,"column":0},"end":{"line":46,"column":null}},"loc":{"start":{"line":46,"column":0},"end":{"line":48,"column":null}}},"3":{"name":"(anonymous_4)","decl":{"start":{"line":50,"column":0},"end":{"line":50,"column":null}},"loc":{"start":{"line":50,"column":0},"end":{"line":55,"column":null}}},"4":{"name":"(anonymous_5)","decl":{"start":{"line":57,"column":0},"end":{"line":57,"column":null}},"loc":{"start":{"line":57,"column":0},"end":{"line":62,"column":null}}},"5":{"name":"(anonymous_6)","decl":{"start":{"line":64,"column":0},"end":{"line":64,"column":null}},"loc":{"start":{"line":64,"column":0},"end":{"line":67,"column":null}}},"6":{"name":"(anonymous_7)","decl":{"start":{"line":69,"column":0},"end":{"line":69,"column":null}},"loc":{"start":{"line":69,"column":0},"end":{"line":73,"column":null}}}},"branchMap":{"0":{"loc":{"start":{"line":47,"column":0},"end":{"line":47,"column":null}},"type":"binary-expr","locations":[{"start":{"line":47,"column":0},"end":{"line":47,"column":null}},{"start":{"line":47,"column":0},"end":{"line":47,"column":null}}]},"1":{"loc":{"start":{"line":52,"column":0},"end":{"line":52,"column":null}},"type":"if","locations":[{"start":{"line":52,"column":0},"end":{"line":52,"column":null}}]},"2":{"loc":{"start":{"line":59,"column":0},"end":{"line":59,"column":null}},"type":"if","locations":[{"start":{"line":59,"column":0},"end":{"line":59,"column":null}}]}},"s":{"0":1,"1":1,"2":3,"3":3,"4":3,"5":3,"6":3,"7":3,"8":3,"9":3,"10":0,"11":0,"12":0,"13":0,"14":3,"15":0,"16":0,"17":0,"18":0,"19":3,"20":0,"21":0,"22":3,"23":0,"24":0,"25":0,"26":3},"f":{"0":3,"1":3,"2":3,"3":0,"4":0,"5":0,"6":0},"b":{"0":[3,2],"1":[0],"2":[0]}}
,"C:\\table\\table\\src\\table\\tableTest.tsx": {"path":"C:\\table\\table\\src\\table\\tableTest.tsx","statementMap":{"0":{"start":{"line":18,"column":65},"end":{"line":18,"column":70}},"1":{"start":{"line":19,"column":20},"end":{"line":19,"column":35}},"2":{"start":{"line":20,"column":21},"end":{"line":20,"column":27}},"3":{"start":{"line":21,"column":18},"end":{"line":21,"column":25}},"4":{"start":{"line":22,"column":29},"end":{"line":22,"column":36}},"5":{"start":{"line":23,"column":31},"end":{"line":23,"column":44}},"6":{"start":{"line":24,"column":32},"end":{"line":24,"column":39}},"7":{"start":{"line":26,"column":4},"end":{"line":32,"column":7}},"8":{"start":{"line":27,"column":6},"end":{"line":27,"column":50}},"9":{"start":{"line":28,"column":6},"end":{"line":30,"column":9}},"10":{"start":{"line":29,"column":8},"end":{"line":29,"column":44}},"11":{"start":{"line":31,"column":6},"end":{"line":31,"column":25}},"12":{"start":{"line":35,"column":21},"end":{"line":48,"column":5}},"13":{"start":{"line":36,"column":6},"end":{"line":36,"column":87}},"14":{"start":{"line":37,"column":17},"end":{"line":37,"column":21}},"15":{"start":{"line":38,"column":18},"end":{"line":38,"column":49}},"16":{"start":{"line":39,"column":6},"end":{"line":45,"column":7}},"17":{"start":{"line":40,"column":8},"end":{"line":44,"column":11}},"18":{"start":{"line":41,"column":10},"end":{"line":41,"column":35}},"19":{"start":{"line":42,"column":10},"end":{"line":42,"column":35}},"20":{"start":{"line":43,"column":10},"end":{"line":43,"column":64}},"21":{"start":{"line":46,"column":22},"end":{"line":46,"column":60}},"22":{"start":{"line":47,"column":6},"end":{"line":47,"column":76}},"23":{"start":{"line":51,"column":20},"end":{"line":54,"column":5}},"24":{"start":{"line":52,"column":6},"end":{"line":52,"column":99}},"25":{"start":{"line":53,"column":6},"end":{"line":53,"column":34}},"26":{"start":{"line":57,"column":25},"end":{"line":57,"column":33}},"27":{"start":{"line":60,"column":27},"end":{"line":64,"column":5}},"28":{"start":{"line":61,"column":6},"end":{"line":61,"column":95}},"29":{"start":{"line":62,"column":6},"end":{"line":62,"column":20}},"30":{"start":{"line":63,"column":6},"end":{"line":63,"column":25}},"31":{"start":{"line":67,"column":23},"end":{"line":71,"column":5}},"32":{"start":{"line":68,"column":6},"end":{"line":68,"column":87}},"33":{"start":{"line":69,"column":6},"end":{"line":69,"column":27}},"34":{"start":{"line":70,"column":6},"end":{"line":70,"column":25}},"35":{"start":{"line":74,"column":24},"end":{"line":83,"column":5}},"36":{"start":{"line":75,"column":6},"end":{"line":75,"column":76}},"37":{"start":{"line":76,"column":6},"end":{"line":81,"column":7}},"38":{"start":{"line":77,"column":8},"end":{"line":77,"column":27}},"39":{"start":{"line":79,"column":8},"end":{"line":79,"column":29}},"40":{"start":{"line":80,"column":8},"end":{"line":80,"column":57}},"41":{"start":{"line":82,"column":6},"end":{"line":82,"column":52}},"42":{"start":{"line":85,"column":4},"end":{"line":109,"column":5}},"43":{"start":{"line":87,"column":10},"end":{"line":106,"column":14}},"44":{"start":{"line":108,"column":6},"end":{"line":108,"column":25}}},"fnMap":{"0":{"name":"(anonymous_0)","decl":{"start":{"line":17,"column":2},"end":{"line":17,"column":3}},"loc":{"start":{"line":17,"column":15},"end":{"line":110,"column":3}},"line":17},"1":{"name":"(anonymous_1)","decl":{"start":{"line":26,"column":14},"end":{"line":26,"column":15}},"loc":{"start":{"line":26,"column":20},"end":{"line":32,"column":5}},"line":26},"2":{"name":"(anonymous_2)","decl":{"start":{"line":28,"column":21},"end":{"line":28,"column":22}},"loc":{"start":{"line":28,"column":31},"end":{"line":30,"column":7}},"line":28},"3":{"name":"(anonymous_3)","decl":{"start":{"line":35,"column":21},"end":{"line":35,"column":22}},"loc":{"start":{"line":35,"column":41},"end":{"line":48,"column":5}},"line":35},"4":{"name":"(anonymous_4)","decl":{"start":{"line":40,"column":38},"end":{"line":40,"column":39}},"loc":{"start":{"line":40,"column":52},"end":{"line":44,"column":9}},"line":40},"5":{"name":"(anonymous_5)","decl":{"start":{"line":51,"column":20},"end":{"line":51,"column":21}},"loc":{"start":{"line":51,"column":26},"end":{"line":54,"column":5}},"line":51},"6":{"name":"(anonymous_6)","decl":{"start":{"line":57,"column":25},"end":{"line":57,"column":26}},"loc":{"start":{"line":57,"column":31},"end":{"line":57,"column":33}},"line":57},"7":{"name":"(anonymous_7)","decl":{"start":{"line":60,"column":27},"end":{"line":60,"column":28}},"loc":{"start":{"line":60,"column":34},"end":{"line":64,"column":5}},"line":60},"8":{"name":"(anonymous_8)","decl":{"start":{"line":67,"column":23},"end":{"line":67,"column":24}},"loc":{"start":{"line":67,"column":38},"end":{"line":71,"column":5}},"line":67},"9":{"name":"(anonymous_9)","decl":{"start":{"line":74,"column":24},"end":{"line":74,"column":25}},"loc":{"start":{"line":74,"column":43},"end":{"line":83,"column":5}},"line":74},"10":{"name":"(anonymous_10)","decl":{"start":{"line":85,"column":11},"end":{"line":85,"column":12}},"loc":{"start":{"line":85,"column":17},"end":{"line":109,"column":5}},"line":85}},"branchMap":{"0":{"loc":{"start":{"line":39,"column":6},"end":{"line":45,"column":7}},"type":"if","locations":[{"start":{"line":39,"column":6},"end":{"line":45,"column":7}},{"start":{},"end":{}}],"line":39},"1":{"loc":{"start":{"line":43,"column":18},"end":{"line":43,"column":54}},"type":"cond-expr","locations":[{"start":{"line":43,"column":32},"end":{"line":43,"column":33}},{"start":{"line":43,"column":36},"end":{"line":43,"column":54}}],"line":43},"2":{"loc":{"start":{"line":43,"column":36},"end":{"line":43,"column":54}},"type":"cond-expr","locations":[{"start":{"line":43,"column":48},"end":{"line":43,"column":49}},{"start":{"line":43,"column":52},"end":{"line":43,"column":54}}],"line":43},"3":{"loc":{"start":{"line":53,"column":13},"end":{"line":53,"column":33}},"type":"binary-expr","locations":[{"start":{"line":53,"column":13},"end":{"line":53,"column":27}},{"start":{"line":53,"column":31},"end":{"line":53,"column":33}}],"line":53},"4":{"loc":{"start":{"line":76,"column":6},"end":{"line":81,"column":7}},"type":"if","locations":[{"start":{"line":76,"column":6},"end":{"line":81,"column":7}},{"start":{"line":78,"column":13},"end":{"line":81,"column":7}}],"line":76},"5":{"loc":{"start":{"line":82,"column":15},"end":{"line":82,"column":50}},"type":"cond-expr","locations":[{"start":{"line":82,"column":22},"end":{"line":82,"column":30}},{"start":{"line":82,"column":33},"end":{"line":82,"column":50}}],"line":82},"6":{"loc":{"start":{"line":89,"column":14},"end":{"line":93,"column":27}},"type":"cond-expr","locations":[{"start":{"line":89,"column":39},"end":{"line":93,"column":22}},{"start":{"line":93,"column":25},"end":{"line":93,"column":27}}],"line":89},"7":{"loc":{"start":{"line":100,"column":14},"end":{"line":105,"column":25}},"type":"cond-expr","locations":[{"start":{"line":100,"column":29},"end":{"line":105,"column":20}},{"start":{"line":105,"column":23},"end":{"line":105,"column":25}}],"line":100}},"s":{"0":3,"1":3,"2":3,"3":3,"4":3,"5":3,"6":3,"7":3,"8":3,"9":3,"10":4,"11":3,"12":3,"13":6,"14":6,"15":6,"16":6,"17":2,"18":92,"19":92,"20":92,"21":6,"22":6,"23":3,"24":0,"25":0,"26":3,"27":3,"28":0,"29":0,"30":0,"31":3,"32":0,"33":0,"34":0,"35":3,"36":3,"37":3,"38":1,"39":2,"40":2,"41":3,"42":3,"43":3,"44":3},"f":{"0":3,"1":3,"2":4,"3":6,"4":92,"5":0,"6":0,"7":0,"8":0,"9":3,"10":3},"b":{"0":[2,4],"1":[0,92],"2":[43,49],"3":[0,0],"4":[1,2],"5":[2,1],"6":[3,0],"7":[3,0]},"_coverageSchema":"1a1c01bbd47fc00a2c39e90264f33305004495a9","hash":"2586c761dd38122a8e3d846e9f294b43dc37b3f0"}
,"C:\\table\\table\\src\\table\\types.ts": {"path":"C:\\table\\table\\src\\table\\types.ts","statementMap":{"0":{"start":{"line":62,"column":26},"end":{"line":105,"column":1}},"1":{"start":{"line":93,"column":18},"end":{"line":93,"column":20}},"2":{"start":{"line":97,"column":18},"end":{"line":97,"column":20}},"3":{"start":{"line":101,"column":18},"end":{"line":103,"column":5}},"4":{"start":{"line":107,"column":27},"end":{"line":116,"column":1}}},"fnMap":{"0":{"name":"(anonymous_0)","decl":{"start":{"line":93,"column":13},"end":{"line":93,"column":14}},"loc":{"start":{"line":93,"column":18},"end":{"line":93,"column":20}},"line":93},"1":{"name":"(anonymous_1)","decl":{"start":{"line":97,"column":13},"end":{"line":97,"column":14}},"loc":{"start":{"line":97,"column":18},"end":{"line":97,"column":20}},"line":97},"2":{"name":"(anonymous_2)","decl":{"start":{"line":101,"column":13},"end":{"line":101,"column":14}},"loc":{"start":{"line":101,"column":18},"end":{"line":103,"column":5}},"line":101}},"branchMap":{},"s":{"0":1,"1":1,"2":1,"3":3,"4":1},"f":{"0":1,"1":1,"2":3},"b":{},"_coverageSchema":"1a1c01bbd47fc00a2c39e90264f33305004495a9","hash":"62704ef68a303cf285e0523b61e639713daa8896"}
,"C:\\table\\table\\src\\table\\utils.ts": {"path":"C:\\table\\table\\src\\table\\utils.ts","statementMap":{"0":{"start":{"line":8,"column":15},"end":{"line":8,"column":25}},"1":{"start":{"line":10,"column":4},"end":{"line":12,"column":41}}},"fnMap":{"0":{"name":"logFn","decl":{"start":{"line":7,"column":16},"end":{"line":7,"column":21}},"loc":{"start":{"line":7,"column":50},"end":{"line":13,"column":1}},"line":7}},"branchMap":{},"s":{"0":15,"1":15},"f":{"0":15},"b":{},"_coverageSchema":"1a1c01bbd47fc00a2c39e90264f33305004495a9","hash":"e368070ee87fe48e4e17115ed596f86dc2976ae5"}
}
