TN:
SF:src\table\Table.tsx
FN:19,(anonymous_0)
FN:26,(anonymous_1)
FN:28,(anonymous_2)
FN:35,(anonymous_3)
FN:42,(anonymous_4)
FN:53,(anonymous_5)
FN:59,(anonymous_6)
FN:62,(anonymous_7)
FN:69,(anonymous_8)
FN:76,(anonymous_9)
FN:100,(anonymous_10)
FNF:11
FNH:10
FNDA:10,(anonymous_0)
FNDA:10,(anonymous_1)
FNDA:18,(anonymous_2)
FNDA:18,(anonymous_3)
FNDA:92,(anonymous_4)
FNDA:1,(anonymous_5)
FNDA:0,(anonymous_6)
FNDA:2,(anonymous_7)
FNDA:3,(anonymous_8)
FNDA:3,(anonymous_9)
FNDA:23,(anonymous_10)
DA:20,10
DA:21,10
DA:22,10
DA:23,10
DA:24,10
DA:26,10
DA:27,10
DA:28,10
DA:29,18
DA:31,10
DA:35,10
DA:36,18
DA:37,18
DA:38,18
DA:39,18
DA:42,2
DA:43,92
DA:44,92
DA:45,92
DA:48,18
DA:49,18
DA:53,10
DA:54,1
DA:55,1
DA:59,10
DA:62,10
DA:63,2
DA:64,2
DA:65,2
DA:69,10
DA:70,3
DA:71,3
DA:72,3
DA:76,10
DA:77,3
DA:78,3
DA:79,1
DA:81,2
DA:82,2
DA:84,3
DA:87,10
DA:102,23
DA:122,23
LF:43
LH:43
BRDA:39,0,0,2
BRDA:39,0,1,16
BRDA:45,1,0,0
BRDA:45,1,1,92
BRDA:45,2,0,43
BRDA:45,2,1,49
BRDA:55,3,0,1
BRDA:55,3,1,0
BRDA:78,4,0,1
BRDA:78,4,1,2
BRDA:84,5,0,2
BRDA:84,5,1,1
BRDA:104,6,0,21
BRDA:104,6,1,2
BRDA:114,7,0,21
BRDA:114,7,1,2
BRF:16
BRH:14
end_of_record
TN:
SF:src\table\index.ts
FNF:0
FNH:0
LF:0
LH:0
BRF:0
BRH:0
end_of_record
TN:
SF:src\table\hook\sort_hook.tsx
FN:7,(anonymous_0)
FN:13,(anonymous_1)
FN:18,(anonymous_2)
FNF:3
FNH:3
FNDA:10,(anonymous_0)
FNDA:2,(anonymous_1)
FNDA:3,(anonymous_2)
DA:6,1
DA:7,1
DA:8,10
DA:9,10
DA:10,10
DA:11,10
DA:13,10
DA:14,2
DA:18,10
DA:19,3
DA:20,3
DA:21,1
DA:22,1
DA:24,2
DA:26,10
LF:15
LH:15
BRDA:14,0,0,1
BRDA:14,0,1,1
BRDA:20,1,0,1
BRDA:20,1,1,2
BRDA:20,2,0,3
BRDA:20,2,1,2
BRF:6
BRH:6
end_of_record
TN:
SF:src\table\lib\types.ts
FN:97,(anonymous_0)
FN:101,(anonymous_1)
FN:105,(anonymous_2)
FNF:3
FNH:3
FNDA:1,(anonymous_0)
FNDA:1,(anonymous_1)
FNDA:10,(anonymous_2)
DA:66,1
DA:97,1
DA:101,1
DA:105,10
DA:111,1
LF:5
LH:5
BRDA:117,0,0,1
BRDA:117,0,1,0
BRF:2
BRH:1
end_of_record
TN:
SF:src\table\lib\utils.ts
FN:9,logFn
FNF:1
FNH:1
FNDA:44,logFn
DA:10,44
DA:12,44
DA:13,44
DA:14,44
DA:15,44
DA:16,44
DA:18,44
LF:7
LH:7
BRDA:13,0,0,44
BRDA:13,0,1,44
BRDA:14,1,0,44
BRDA:14,1,1,30
BRDA:15,2,0,44
BRDA:15,2,1,0
BRDA:16,3,0,44
BRDA:16,3,1,29
BRF:8
BRH:7
end_of_record
TN:
SF:src\table\table_container\body.tsx
FN:8,(anonymous_0)
FN:9,(anonymous_1)
FN:10,(anonymous_2)
FN:11,(anonymous_3)
FNF:4
FNH:4
FNDA:10,(anonymous_0)
FNDA:23,(anonymous_1)
FNDA:117,(anonymous_2)
FNDA:234,(anonymous_3)
DA:9,10
DA:10,23
DA:11,117
DA:12,234
DA:18,117
DA:20,23
LF:6
LH:6
BRDA:13,0,0,234
BRDA:13,0,1,0
BRDA:14,1,0,0
BRDA:14,1,1,234
BRF:4
BRH:2
end_of_record
TN:
SF:src\table\table_container\head.tsx
FN:9,(anonymous_0)
FN:10,(anonymous_1)
FN:15,(anonymous_2)
FN:16,(anonymous_3)
FNF:4
FNH:4
FNDA:9,(anonymous_0)
FNDA:3,(anonymous_1)
FNDA:12,(anonymous_2)
FNDA:22,(anonymous_3)
DA:10,9
DA:11,3
DA:13,9
DA:14,9
DA:15,9
DA:16,12
DA:17,22
DA:25,12
LF:8
LH:8
BRDA:19,0,0,0
BRDA:19,0,1,22
BRDA:22,1,0,2
BRDA:22,1,1,20
BRF:4
BRH:3
end_of_record
TN:
SF:src\table\table_container\pagingTest.tsx
FN:9,(anonymous_0)
FN:14,(anonymous_1)
FN:18,(anonymous_2)
FN:22,(anonymous_3)
FN:29,(anonymous_4)
FN:36,(anonymous_5)
FN:41,(anonymous_6)
FN:58,(anonymous_7)
FNF:8
FNH:8
FNDA:9,(anonymous_0)
FNDA:12,(anonymous_1)
FNDA:12,(anonymous_2)
FNDA:1,(anonymous_3)
FNDA:1,(anonymous_4)
FNDA:1,(anonymous_5)
FNDA:1,(anonymous_6)
FNDA:13,(anonymous_7)
DA:10,9
DA:11,9
DA:12,9
DA:14,9
DA:15,12
DA:18,9
DA:19,12
DA:22,9
DA:23,1
DA:24,1
DA:25,1
DA:26,1
DA:29,9
DA:30,1
DA:31,1
DA:32,1
DA:33,1
DA:36,9
DA:37,1
DA:38,1
DA:41,9
DA:42,1
DA:43,1
DA:44,1
DA:47,9
DA:60,13
DA:82,13
LF:27
LH:27
BRDA:19,0,0,12
BRDA:19,0,1,11
BRDA:24,1,0,0
BRDA:24,1,1,1
BRDA:31,2,0,0
BRDA:31,2,1,1
BRF:6
BRH:4
end_of_record
