TN:
SF:src\table\Table.tsx
FN:19,(anonymous_0)
FN:28,(anonymous_1)
FN:30,(anonymous_2)
FN:37,(anonymous_3)
FN:44,(anonymous_4)
FN:55,(anonymous_5)
FN:61,(anonymous_6)
FN:64,(anonymous_7)
FN:71,(anonymous_8)
FN:78,(anonymous_9)
FN:89,(anonymous_10)
FNF:11
FNH:7
FNDA:6,(anonymous_0)
FNDA:6,(anonymous_1)
FNDA:10,(anonymous_2)
FNDA:9,(anonymous_3)
FNDA:92,(anonymous_4)
FNDA:0,(anonymous_5)
FNDA:0,(anonymous_6)
FNDA:0,(anonymous_7)
FNDA:0,(anonymous_8)
FNDA:3,(anonymous_9)
FNDA:6,(anonymous_10)
DA:20,6
DA:21,6
DA:22,6
DA:23,6
DA:24,6
DA:25,6
DA:26,6
DA:28,6
DA:29,6
DA:30,6
DA:31,10
DA:33,6
DA:37,6
DA:38,9
DA:39,9
DA:40,9
DA:41,9
DA:44,2
DA:45,92
DA:46,92
DA:47,92
DA:50,9
DA:51,9
DA:55,6
DA:56,0
DA:57,0
DA:61,6
DA:64,6
DA:65,0
DA:66,0
DA:67,0
DA:71,6
DA:72,0
DA:73,0
DA:74,0
DA:78,6
DA:79,3
DA:80,3
DA:81,1
DA:83,2
DA:84,2
DA:86,3
DA:89,6
DA:91,6
DA:111,6
LF:45
LH:37
BRDA:41,0,0,2
BRDA:41,0,1,7
BRDA:47,1,0,0
BRDA:47,1,1,92
BRDA:47,2,0,43
BRDA:47,2,1,49
BRDA:57,3,0,0
BRDA:57,3,1,0
BRDA:80,4,0,1
BRDA:80,4,1,2
BRDA:86,5,0,2
BRDA:86,5,1,1
BRDA:93,6,0,5
BRDA:93,6,1,1
BRDA:103,7,0,5
BRDA:103,7,1,1
BRF:16
BRH:13
end_of_record
TN:
SF:src\table\index.ts
FNF:0
FNH:0
LF:0
LH:0
BRF:0
BRH:0
end_of_record
TN:
SF:src\table\hook\sort_hook.tsx
FN:7,(anonymous_0)
FN:12,(anonymous_1)
FN:17,(anonymous_2)
FNF:3
FNH:3
FNDA:6,(anonymous_0)
FNDA:2,(anonymous_1)
FNDA:3,(anonymous_2)
DA:6,1
DA:7,1
DA:8,6
DA:9,6
DA:10,6
DA:12,6
DA:13,2
DA:17,6
DA:18,3
DA:19,3
DA:20,1
DA:21,1
DA:23,2
DA:25,6
LF:14
LH:14
BRDA:13,0,0,1
BRDA:13,0,1,1
BRDA:19,1,0,1
BRDA:19,1,1,2
BRDA:19,2,0,3
BRDA:19,2,1,2
BRF:6
BRH:6
end_of_record
TN:
SF:src\table\lib\types.ts
FN:98,(anonymous_0)
FN:102,(anonymous_1)
FN:106,(anonymous_2)
FNF:3
FNH:3
FNDA:1,(anonymous_0)
FNDA:1,(anonymous_1)
FNDA:6,(anonymous_2)
DA:67,1
DA:98,1
DA:102,1
DA:106,6
DA:112,1
LF:5
LH:5
BRF:0
BRH:0
end_of_record
TN:
SF:src\table\lib\utils.ts
FN:7,logFn
FNF:1
FNH:1
FNDA:21,logFn
DA:8,21
DA:10,21
LF:2
LH:2
BRF:0
BRH:0
end_of_record
TN:
SF:src\table\table_container\body.tsx
FN:8,(anonymous_0)
FN:10,(anonymous_1)
FN:11,(anonymous_2)
FN:12,(anonymous_3)
FNF:4
FNH:4
FNDA:6,(anonymous_0)
FNDA:13,(anonymous_1)
FNDA:70,(anonymous_2)
FNDA:140,(anonymous_3)
DA:9,6
DA:10,6
DA:11,13
DA:12,70
DA:13,140
DA:19,70
DA:21,13
LF:7
LH:7
BRDA:14,0,0,140
BRDA:14,0,1,0
BRDA:15,1,0,0
BRDA:15,1,1,140
BRF:4
BRH:2
end_of_record
TN:
SF:src\table\table_container\head.tsx
FN:9,(anonymous_0)
FN:11,(anonymous_1)
FN:16,(anonymous_2)
FN:17,(anonymous_3)
FNF:4
FNH:4
FNDA:5,(anonymous_0)
FNDA:3,(anonymous_1)
FNDA:8,(anonymous_2)
FNDA:14,(anonymous_3)
DA:10,5
DA:11,5
DA:12,3
DA:14,5
DA:15,5
DA:16,5
DA:17,8
DA:18,14
DA:26,8
LF:9
LH:9
BRDA:20,0,0,0
BRDA:20,0,1,14
BRDA:23,1,0,2
BRDA:23,1,1,12
BRF:4
BRH:3
end_of_record
TN:
SF:src\table\table_container\paging.vue
FN:37,(anonymous_1)
FN:42,(anonymous_2)
FN:46,(anonymous_3)
FN:50,(anonymous_4)
FN:57,(anonymous_5)
FN:64,(anonymous_6)
FN:69,(anonymous_7)
FNF:7
FNH:3
FNDA:5,(anonymous_1)
FNDA:5,(anonymous_2)
FNDA:5,(anonymous_3)
FNDA:0,(anonymous_4)
FNDA:0,(anonymous_5)
FNDA:0,(anonymous_6)
FNDA:0,(anonymous_7)
DA:31,1
DA:32,1
DA:38,5
DA:39,5
DA:40,5
DA:42,5
DA:43,5
DA:46,5
DA:47,5
DA:50,5
DA:51,0
DA:52,0
DA:53,0
DA:54,0
DA:57,5
DA:58,0
DA:59,0
DA:60,0
DA:61,0
DA:64,5
DA:65,0
DA:66,0
DA:69,5
DA:70,0
DA:71,0
DA:72,0
DA:75,5
LF:27
LH:14
BRDA:47,0,0,5
BRDA:47,0,1,4
BRDA:52,1,0,0
BRDA:59,2,0,0
BRF:4
BRH:2
end_of_record
